%!Adobe-FontList 1.17
%Locale:0x409

%BeginFont
Handler:DirectoryHandler
FontType:Type1
FontName:FuturaStd-CondensedBold
FamilyName:Futura Std
StyleName:Bold Condensed
FullName:Futura Std Bold Condensed
MenuName:Futura Std Condensed
StyleBits:2
WritingScript:Roman
OutlineFileName:L:\IRT\Promotional Rack Cards\400 Spinning Series\6-5-14 400 Series Line Card Folder\Document fonts\FuturaStd-CondensedBold.otf
DataFormat:sfntData
UsesStandardEncoding:yes
isCFF:yes
FileLength:26756
FileModTime:1239210098
WeightClass:700
WidthClass:3
AngleClass:0
NameArray:0,Mac,18,Futura Std Condensed Bold
NameArray:0,Mac,4,Futura Std Bold Condensed
NameArray:0,Win,1,Futura Std Condensed
NameArray:0,Win,16,Futura Std
%EndFont

%BeginFont
Handler:DirectoryHandler
FontType:Type1
FontName:FuturaStd-CondensedExtraBd
FamilyName:Futura Std
StyleName:Extra Bold Condensed
FullName:Futura Std Extra Bold Condensed
MenuName:Futura Std Condensed ExtBd
StyleBits:0
WritingScript:Roman
OutlineFileName:L:\IRT\Promotional Rack Cards\400 Spinning Series\6-5-14 400 Series Line Card Folder\Document fonts\FuturaStd-CondensedExtraBd.otf
DataFormat:sfntData
UsesStandardEncoding:yes
isCFF:yes
FileLength:27920
FileModTime:1239210099
WeightClass:750
WidthClass:3
AngleClass:0
NameArray:0,Mac,18,Futura Std Condensed ExtBd
NameArray:0,Mac,4,Futura Std Extra Bold Condensed
NameArray:0,Win,1,Futura Std Condensed ExtBd
NameArray:0,Win,16,Futura Std
%EndFont

%BeginFont
Handler:DirectoryHandler
FontType:Type1
FontName:FuturaStd-CondensedLight
FamilyName:Futura Std
StyleName:Light Condensed
FullName:Futura Std Light Condensed
MenuName:Futura Std Condensed Light
StyleBits:0
WritingScript:Roman
OutlineFileName:L:\IRT\Promotional Rack Cards\400 Spinning Series\6-5-14 400 Series Line Card Folder\Document fonts\FuturaStd-CondensedLight.otf
DataFormat:sfntData
UsesStandardEncoding:yes
isCFF:yes
FileLength:26464
FileModTime:1239210099
WeightClass:300
WidthClass:3
AngleClass:0
NameArray:0,Mac,18,Futura Std Condensed Light
NameArray:0,Mac,4,Futura Std Light Condensed
NameArray:0,Win,1,Futura Std Condensed Light
NameArray:0,Win,16,Futura Std
%EndFont

%BeginFont
Handler:DirectoryHandler
FontType:TrueType
FontName:TimesNewRomanPSMT
FamilyName:Times New Roman
StyleName:Regular
FullName:Times New Roman
MenuName:Times New Roman
StyleBits:0
WritingScript:Roman
OutlineFileName:L:\IRT\Promotional Rack Cards\400 Spinning Series\6-5-14 400 Series Line Card Folder\Document fonts\times.ttf
DataFormat:sfntData
FileLength:834240
FileModTime:1288904440
WeightClass:400
WidthClass:5
AngleClass:0
NameArray:0,Mac,4,Times New Roman
NameArray:0,Win,1,Times New Roman
%EndFont

%BeginFont
Handler:DirectoryHandler
FontType:Type1
FontName:UniversLTStd-XBlackObl
FamilyName:Univers LT Std
StyleName:85 Extra Black Oblique
FullName:Univers LT Std 85 Extra Black Oblique
MenuName:Univers LT Std 85 XBlk
StyleBits:1
WritingScript:Roman
OutlineFileName:L:\IRT\Promotional Rack Cards\400 Spinning Series\6-5-14 400 Series Line Card Folder\Document fonts\UniversLTStd-XBlackObl_1.otf
DataFormat:sfntData
UsesStandardEncoding:yes
isCFF:yes
FileLength:31956
FileModTime:1239190574
WeightClass:950
WidthClass:5
AngleClass:1
NameArray:0,Mac,18,Univers LT Std 85 XBlk Obl
NameArray:0,Mac,4,Univers LT Std 85 Extra Black Oblique
NameArray:0,Win,1,Univers LT Std 85 XBlk
NameArray:0,Win,16,Univers LT Std
%EndFont

